mode: set
pod-pvc/controllers/pvccon_controller.go:57.98,63.98 3 0
pod-pvc/controllers/pvccon_controller.go:69.2,71.36 2 0
pod-pvc/controllers/pvccon_controller.go:80.2,80.28 1 0
pod-pvc/controllers/pvccon_controller.go:92.2,92.34 1 0
pod-pvc/controllers/pvccon_controller.go:114.2,114.27 1 0
pod-pvc/controllers/pvccon_controller.go:63.98,66.3 2 0
pod-pvc/controllers/pvccon_controller.go:71.36,73.36 1 0
pod-pvc/controllers/pvccon_controller.go:73.36,77.4 1 0
pod-pvc/controllers/pvccon_controller.go:80.28,83.3 1 0
pod-pvc/controllers/pvccon_controller.go:92.34,112.3 5 0
pod-pvc/controllers/pvccon_controller.go:118.69,122.2 1 0
